<?xml version="1.0" encoding="utf-8"?><testsuites name="pytest tests"><testsuite name="pytest" errors="0" failures="0" skipped="0" tests="9" time="20.807" timestamp="2026-02-17T17:54:29.566043+00:00" hostname="agent-env-fbdc173b-0b52-437a-a2eb-3a8fe087ee79"><testcase classname="backend.tests.test_bug_fixes.TestBug2DevTools" name="test_dev_simulate_day" time="0.880" /><testcase classname="backend.tests.test_bug_fixes.TestBug2DevTools" name="test_dev_reset_streak" time="0.358" /><testcase classname="backend.tests.test_bug_fixes.TestBug2DevTools" name="test_dev_add_xp" time="0.417" /><testcase classname="backend.tests.test_bug_fixes.TestBug2DevTools" name="test_dev_trigger_badge" time="0.293" /><testcase classname="backend.tests.test_bug_fixes.TestBug3AIAutoSuggest" name="test_ai_suggest_with_short_title" time="4.751" /><testcase classname="backend.tests.test_bug_fixes.TestBug3AIAutoSuggest" name="test_ai_suggest_with_complex_title" time="3.197" /><testcase classname="backend.tests.test_bug_fixes.TestBug7AIBreakdown" name="test_ai_breakdown_generates_subtasks" time="5.038" /><testcase classname="backend.tests.test_bug_fixes.TestBug7AIBreakdown" name="test_ai_breakdown_with_homework" time="5.009" /><testcase classname="backend.tests.test_bug_fixes.TestBackendIntegration" name="test_complete_dev_workflow" time="0.743" /></testsuite></testsuites>