<?xml version="1.0" encoding="utf-8"?><testsuites name="pytest tests"><testsuite name="pytest" errors="0" failures="1" skipped="0" tests="27" time="30.496" timestamp="2026-02-17T17:21:39.133463+00:00" hostname="agent-env-fbdc173b-0b52-437a-a2eb-3a8fe087ee79"><testcase classname="tests.test_taskly_api.TestHealthCheck" name="test_root_endpoint" time="0.364" /><testcase classname="tests.test_taskly_api.TestAuthentication" name="test_guest_login_creates_user" time="0.258" /><testcase classname="tests.test_taskly_api.TestAuthentication" name="test_register_creates_user" time="0.413" /><testcase classname="tests.test_taskly_api.TestAuthentication" name="test_login_with_credentials" time="0.722" /><testcase classname="tests.test_taskly_api.TestAuthentication" name="test_get_me_requires_auth" time="0.152" /><testcase classname="tests.test_taskly_api.TestOnboarding" name="test_update_onboarding_name" time="0.232" /><testcase classname="tests.test_taskly_api.TestOnboarding" name="test_update_onboarding_full_flow" time="0.225" /><testcase classname="tests.test_taskly_api.TestTasksCRUD" name="test_create_task_basic" time="0.295" /><testcase classname="tests.test_taskly_api.TestTasksCRUD" name="test_create_task_with_subtasks" time="0.172" /><testcase classname="tests.test_taskly_api.TestTasksCRUD" name="test_get_all_tasks" time="0.490" /><testcase classname="tests.test_taskly_api.TestTasksCRUD" name="test_get_tasks_with_filter" time="0.325" /><testcase classname="tests.test_taskly_api.TestTasksCRUD" name="test_update_task" time="0.254" /><testcase classname="tests.test_taskly_api.TestTasksCRUD" name="test_complete_task_awards_xp" time="0.930" /><testcase classname="tests.test_taskly_api.TestTasksCRUD" name="test_toggle_subtask" time="0.529" /><testcase classname="tests.test_taskly_api.TestTasksCRUD" name="test_delete_task" time="0.336" /><testcase classname="tests.test_taskly_api.TestAIFeatures" name="test_ai_suggest_task" time="7.429" /><testcase classname="tests.test_taskly_api.TestAIFeatures" name="test_ai_breakdown_task" time="3.694" /><testcase classname="tests.test_taskly_api.TestAIFeatures" name="test_ai_chat_basic" time="5.100" /><testcase classname="tests.test_taskly_api.TestAIFeatures" name="test_ai_chat_model_switcher" time="5.927" /><testcase classname="tests.test_taskly_api.TestDashboard" name="test_dashboard_loads" time="0.205" /><testcase classname="tests.test_taskly_api.TestGamification" name="test_get_gamification_stats" time="0.195" /><testcase classname="tests.test_taskly_api.TestGamification" name="test_badge_unlocking" time="0.391"><failure message="AssertionError: assert 'first_task' in []">tests/test_taskly_api.py:423: in test_badge_unlocking
    assert "first_task" in badge_types
E   AssertionError: assert 'first_task' in []</failure></testcase><testcase classname="tests.test_taskly_api.TestNotifications" name="test_get_notifications" time="0.199" /><testcase classname="tests.test_taskly_api.TestNotifications" name="test_unread_count" time="0.268" /><testcase classname="tests.test_taskly_api.TestNotifications" name="test_mark_notification_read" time="0.487" /><testcase classname="tests.test_taskly_api.TestNotifications" name="test_mark_all_read" time="0.505" /><testcase classname="tests.test_taskly_api.TestUserProfile" name="test_update_profile" time="0.247" /></testsuite></testsuites>