<?xml version="1.0" encoding="utf-8"?><testsuites name="pytest tests"><testsuite name="pytest" errors="1" failures="0" skipped="0" tests="1" time="0.300" timestamp="2026-02-17T17:21:25.994179+00:00" hostname="agent-env-fbdc173b-0b52-437a-a2eb-3a8fe087ee79"><testcase classname="" name="tests.test_taskly_api" time="0.000"><error message="collection failure">tests/test_taskly_api.py:10: in &lt;module&gt;
    BASE_URL = os.environ.get('EXPO_PUBLIC_BACKEND_URL').rstrip('/')
               ^^^^^^^^^^^^^^^^^^^^^^^^^^^^^^^^^^^^^^^^^^^^^^^^
E   AttributeError: 'NoneType' object has no attribute 'rstrip'</error></testcase></testsuite></testsuites>